2020-02-09 08:43:35,375 CRIT Supervisor is running as root.  Privileges were not dropped because no user is specified in the config file.  If you intend to run as root, you can set user=root in the config file to avoid this message.
2020-02-09 08:43:35,375 INFO Included extra file "/etc/supervisor.d/cron.conf" during parsing
2020-02-09 08:43:35,375 INFO Included extra file "/etc/supervisor.d/horizon.conf" during parsing
2020-02-09 08:43:35,375 INFO Included extra file "/etc/supervisor.d/php-fpm.conf" during parsing
2020-02-09 08:43:35,417 INFO supervisord started with pid 1
2020-02-09 08:43:36,419 INFO spawned: 'php-fpm' with pid 10
2020-02-09 08:43:36,430 INFO spawned: 'horizon' with pid 11
2020-02-09 08:43:36,431 INFO spawned: 'cron-job' with pid 12
2020-02-09 08:43:37,561 INFO success: php-fpm entered RUNNING state, process has stayed up for > than 1 seconds (startsecs)
2020-02-09 08:43:37,562 INFO success: horizon entered RUNNING state, process has stayed up for > than 1 seconds (startsecs)
2020-02-09 08:43:37,563 INFO success: cron-job entered RUNNING state, process has stayed up for > than 1 seconds (startsecs)
2020-02-09 08:43:45,603 INFO exited: horizon (exit status 1; not expected)
2020-02-09 08:43:46,608 INFO spawned: 'horizon' with pid 21
2020-02-09 08:43:47,610 INFO success: horizon entered RUNNING state, process has stayed up for > than 1 seconds (startsecs)
2020-02-09 08:43:47,906 INFO exited: horizon (exit status 1; not expected)
2020-02-09 08:43:48,911 INFO spawned: 'horizon' with pid 28
2020-02-09 08:43:49,905 INFO exited: horizon (exit status 1; not expected)
2020-02-09 08:43:50,910 INFO spawned: 'horizon' with pid 35
2020-02-09 08:43:51,912 INFO success: horizon entered RUNNING state, process has stayed up for > than 1 seconds (startsecs)
2020-02-09 08:43:52,023 INFO exited: horizon (exit status 1; not expected)
2020-02-09 08:43:53,028 INFO spawned: 'horizon' with pid 42
2020-02-09 08:43:54,030 INFO success: horizon entered RUNNING state, process has stayed up for > than 1 seconds (startsecs)
2020-02-09 08:43:54,073 INFO exited: horizon (exit status 1; not expected)
2020-02-09 08:43:55,078 INFO spawned: 'horizon' with pid 49
2020-02-09 08:43:56,080 INFO success: horizon entered RUNNING state, process has stayed up for > than 1 seconds (startsecs)
2020-02-09 08:43:56,159 INFO exited: horizon (exit status 1; not expected)
2020-02-09 08:43:57,166 INFO spawned: 'horizon' with pid 56
2020-02-09 08:43:58,167 INFO success: horizon entered RUNNING state, process has stayed up for > than 1 seconds (startsecs)
2020-02-09 08:43:58,218 INFO exited: horizon (exit status 1; not expected)
2020-02-09 08:43:59,224 INFO spawned: 'horizon' with pid 63
2020-02-09 08:44:00,225 INFO success: horizon entered RUNNING state, process has stayed up for > than 1 seconds (startsecs)
2020-02-09 08:44:00,226 INFO exited: horizon (exit status 1; not expected)
2020-02-09 08:44:01,234 INFO spawned: 'horizon' with pid 71
2020-02-09 08:44:02,067 INFO exited: horizon (exit status 1; not expected)
2020-02-09 08:44:03,075 INFO spawned: 'horizon' with pid 84
2020-02-09 08:44:04,077 INFO success: horizon entered RUNNING state, process has stayed up for > than 1 seconds (startsecs)
2020-02-09 08:44:04,097 INFO exited: horizon (exit status 1; not expected)
2020-02-09 08:44:05,102 INFO spawned: 'horizon' with pid 91
2020-02-09 08:44:06,103 INFO success: horizon entered RUNNING state, process has stayed up for > than 1 seconds (startsecs)
2020-02-09 08:44:06,109 INFO exited: horizon (exit status 1; not expected)
2020-02-09 08:44:07,115 INFO spawned: 'horizon' with pid 98
2020-02-09 08:44:08,117 INFO success: horizon entered RUNNING state, process has stayed up for > than 1 seconds (startsecs)
2020-02-09 08:44:08,167 INFO exited: horizon (exit status 1; not expected)
2020-02-09 08:44:09,172 INFO spawned: 'horizon' with pid 105
2020-02-09 08:44:10,174 INFO success: horizon entered RUNNING state, process has stayed up for > than 1 seconds (startsecs)
2020-02-09 08:44:10,184 INFO exited: horizon (exit status 1; not expected)
2020-02-09 08:44:11,192 INFO spawned: 'horizon' with pid 112
2020-02-09 08:44:12,193 INFO success: horizon entered RUNNING state, process has stayed up for > than 1 seconds (startsecs)
2020-02-09 08:44:12,198 INFO exited: horizon (exit status 1; not expected)
2020-02-09 08:44:13,203 INFO spawned: 'horizon' with pid 119
2020-02-09 08:44:14,205 INFO success: horizon entered RUNNING state, process has stayed up for > than 1 seconds (startsecs)
2020-02-09 08:44:14,256 INFO exited: horizon (exit status 1; not expected)
2020-02-09 08:44:15,263 INFO spawned: 'horizon' with pid 126
2020-02-09 08:44:16,260 INFO success: horizon entered RUNNING state, process has stayed up for > than 1 seconds (startsecs)
2020-02-09 08:44:16,260 INFO exited: horizon (exit status 1; not expected)
2020-02-09 08:44:17,266 INFO spawned: 'horizon' with pid 133
2020-02-09 08:44:18,259 INFO exited: horizon (exit status 1; not expected)
2020-02-09 08:44:19,265 INFO spawned: 'horizon' with pid 140
2020-02-09 08:44:20,267 INFO success: horizon entered RUNNING state, process has stayed up for > than 1 seconds (startsecs)
2020-02-09 08:44:20,288 INFO exited: horizon (exit status 1; not expected)
2020-02-09 08:44:21,293 INFO spawned: 'horizon' with pid 147
2020-02-09 08:44:22,294 INFO success: horizon entered RUNNING state, process has stayed up for > than 1 seconds (startsecs)
2020-02-09 08:44:22,300 INFO exited: horizon (exit status 1; not expected)
2020-02-09 08:44:23,305 INFO spawned: 'horizon' with pid 154
2020-02-09 08:44:24,298 INFO exited: horizon (exit status 1; not expected)
2020-02-09 08:44:25,303 INFO spawned: 'horizon' with pid 161
2020-02-09 08:44:26,264 INFO exited: horizon (exit status 1; not expected)
2020-02-09 08:44:28,271 INFO spawned: 'horizon' with pid 168
2020-02-09 08:44:29,250 INFO exited: horizon (exit status 1; not expected)
2020-02-09 08:44:32,258 INFO spawned: 'horizon' with pid 175
2020-02-09 08:44:33,217 INFO exited: horizon (exit status 1; not expected)
2020-02-09 08:44:34,219 INFO gave up: horizon entered FATAL state, too many start retries too quickly
2020-02-09 10:15:21,425 INFO exited: cron-job (terminated by SIGTERM; not expected)
2020-02-09 10:15:21,434 WARN received SIGTERM indicating exit request
2020-02-09 10:15:21,435 INFO waiting for php-fpm to die
2020-02-09 10:15:21,453 INFO exited: php-fpm (exit status 0; expected)
